<?xml version="1.0" encoding="UTF-8"?>
<testng-results skipped="0" failed="0" ignored="0" total="2" passed="2">
  <reporter-output>
  </reporter-output>
  <suite name="Suite" duration-ms="56530" started-at="2017-11-24T09:38:45Z" finished-at="2017-11-24T09:39:41Z">
    <groups>
    </groups>
    <test name="firefoxTest" duration-ms="31034" started-at="2017-11-24T09:38:45Z" finished-at="2017-11-24T09:39:16Z">
      <class name="example.ClassTest">
        <test-method status="PASS" signature="sucess(java.lang.String)[pri:0, instance:example.ClassTest@4e04a765]" name="sucess" duration-ms="30997" started-at="2017-11-24T15:08:45Z" finished-at="2017-11-24T15:09:16Z">
          <params>
            <param index="0">
              <value>
                <![CDATA[firefox]]>
              </value>
            </param>
          </params>
          <reporter-output>
          </reporter-output>
        </test-method> <!-- sucess -->
      </class> <!-- example.ClassTest -->
    </test> <!-- firefoxTest -->
    <test name="chromeTest" duration-ms="25207" started-at="2017-11-24T09:39:16Z" finished-at="2017-11-24T09:39:41Z">
      <class name="example.ClassTest">
        <test-method status="PASS" signature="sucess(java.lang.String)[pri:0, instance:example.ClassTest@47f6473]" name="sucess" duration-ms="25206" started-at="2017-11-24T15:09:16Z" finished-at="2017-11-24T15:09:41Z">
          <params>
            <param index="0">
              <value>
                <![CDATA[chrome]]>
              </value>
            </param>
          </params>
          <reporter-output>
          </reporter-output>
        </test-method> <!-- sucess -->
      </class> <!-- example.ClassTest -->
    </test> <!-- chromeTest -->
  </suite> <!-- Suite -->
</testng-results>
