<?xml version="1.0" encoding="UTF-8"?>
<testng-results skipped="0" failed="1" ignored="0" total="1" passed="0">
  <reporter-output>
  </reporter-output>
  <suite name="Default suite" duration-ms="37" started-at="2017-11-27T06:58:53Z" finished-at="2017-11-27T06:58:53Z">
    <groups>
    </groups>
    <test name="Default test" duration-ms="37" started-at="2017-11-27T06:58:53Z" finished-at="2017-11-27T06:58:53Z">
      <class name="example.ClassTest">
        <test-method status="FAIL" signature="sucess(java.lang.String)[pri:0, instance:example.ClassTest@1e88b3c]" name="sucess" duration-ms="0" started-at="2017-11-27T12:28:53Z" finished-at="2017-11-27T12:28:53Z">
          <exception class="org.testng.TestNGException">
            <message>
              <![CDATA[
Parameter 'broswer' is required by @Test on method sucess but has not been marked @Optional or defined
in C:\Users\bibek\AppData\Local\Temp\testng-eclipse-1680313243\testng-customsuite.xml]]>
            </message>
            <full-stacktrace>
              <![CDATA[org.testng.TestNGException: 
Parameter 'broswer' is required by @Test on method sucess but has not been marked @Optional or defined
in C:\Users\bibek\AppData\Local\Temp\testng-eclipse-1680313243\testng-customsuite.xml
	at org.testng.internal.Parameters.createParameters(Parameters.java:199)
	at org.testng.internal.Parameters.createParameters(Parameters.java:443)
	at org.testng.internal.Parameters.handleParameters(Parameters.java:568)
	at org.testng.internal.Invoker.handleParameters(Invoker.java:1293)
	at org.testng.internal.Invoker.createParameters(Invoker.java:1020)
	at org.testng.internal.Invoker.invokeTestMethods(Invoker.java:1110)
	at org.testng.internal.TestMethodWorker.invokeTestMethods(TestMethodWorker.java:129)
	at org.testng.internal.TestMethodWorker.run(TestMethodWorker.java:112)
	at org.testng.TestRunner.privateRun(TestRunner.java:756)
	at org.testng.TestRunner.run(TestRunner.java:610)
	at org.testng.SuiteRunner.runTest(SuiteRunner.java:387)
	at org.testng.SuiteRunner.runSequentially(SuiteRunner.java:382)
	at org.testng.SuiteRunner.privateRun(SuiteRunner.java:340)
	at org.testng.SuiteRunner.run(SuiteRunner.java:289)
	at org.testng.SuiteRunnerWorker.runSuite(SuiteRunnerWorker.java:52)
	at org.testng.SuiteRunnerWorker.run(SuiteRunnerWorker.java:86)
	at org.testng.TestNG.runSuitesSequentially(TestNG.java:1293)
	at org.testng.TestNG.runSuitesLocally(TestNG.java:1218)
	at org.testng.TestNG.runSuites(TestNG.java:1133)
	at org.testng.TestNG.run(TestNG.java:1104)
	at org.testng.remote.AbstractRemoteTestNG.run(AbstractRemoteTestNG.java:132)
	at org.testng.remote.RemoteTestNG.initAndRun(RemoteTestNG.java:230)
	at org.testng.remote.RemoteTestNG.main(RemoteTestNG.java:76)
]]>
            </full-stacktrace>
          </exception> <!-- org.testng.TestNGException -->
          <reporter-output>
          </reporter-output>
        </test-method> <!-- sucess -->
      </class> <!-- example.ClassTest -->
    </test> <!-- Default test -->
  </suite> <!-- Default suite -->
</testng-results>
